Dec-22 16:52:02.084 [main] DEBUG nextflow.cli.Launcher - $> nextflow run --fasta=/foo/ .
Dec-22 16:52:02.119 [main] INFO  nextflow.cli.CmdRun - N E X T F L O W  ~  version 22.10.4
Dec-22 16:52:02.130 [main] DEBUG nextflow.plugin.PluginsFacade - Setting up plugin manager > mode=prod; embedded=false; plugins-dir=/home/mriffle/.nextflow/plugins; core-plugins: nf-amazon@1.11.2,nf-azure@0.14.2,nf-codecommit@0.1.2,nf-console@1.0.4,nf-ga4gh@1.0.4,nf-google@1.4.5,nf-tower@1.5.6,nf-wave@0.5.2
Dec-22 16:52:02.134 [main] INFO  org.pf4j.DefaultPluginStatusProvider - Enabled plugins: []
Dec-22 16:52:02.135 [main] INFO  org.pf4j.DefaultPluginStatusProvider - Disabled plugins: []
Dec-22 16:52:02.137 [main] INFO  org.pf4j.DefaultPluginManager - PF4J version 3.4.1 in 'deployment' mode
Dec-22 16:52:02.143 [main] INFO  org.pf4j.AbstractPluginManager - No plugins
Dec-22 16:52:02.584 [main] DEBUG nextflow.config.ConfigBuilder - Found config local: /home/mriffle/vscode/nf-teirex-dda/nextflow.config
Dec-22 16:52:02.585 [main] DEBUG nextflow.config.ConfigBuilder - Parsing config file: /home/mriffle/vscode/nf-teirex-dda/nextflow.config
Dec-22 16:52:02.590 [main] DEBUG nextflow.config.ConfigBuilder - Applying config profile: `standard`
Dec-22 16:52:02.718 [main] DEBUG nextflow.cli.CmdRun - Applied DSL=2 from script declararion
Dec-22 16:52:02.726 [main] INFO  nextflow.cli.CmdRun - Launching `./main.nf` [big_kilby] DSL2 - revision: ad570963ce
Dec-22 16:52:02.726 [main] DEBUG nextflow.plugin.PluginsFacade - Plugins default=[]
Dec-22 16:52:02.726 [main] DEBUG nextflow.plugin.PluginsFacade - Plugins resolved requirement=[]
Dec-22 16:52:02.732 [main] DEBUG nextflow.secret.LocalSecretsProvider - Secrets store: /home/mriffle/.nextflow/secrets/store.json
Dec-22 16:52:02.734 [main] DEBUG nextflow.secret.SecretsLoader - Discovered secrets providers: [nextflow.secret.LocalSecretsProvider@2f9a4401] - activable => nextflow.secret.LocalSecretsProvider@2f9a4401
Dec-22 16:52:02.763 [main] DEBUG nextflow.Session - Session UUID: 93e5a7b1-2d79-44d9-94ff-693e23ec6954
Dec-22 16:52:02.764 [main] DEBUG nextflow.Session - Run name: big_kilby
Dec-22 16:52:02.764 [main] DEBUG nextflow.Session - Executor pool size: 24
Dec-22 16:52:02.769 [main] DEBUG nextflow.util.ThreadPoolBuilder - Creating thread pool 'FileTransfer' minSize=10; maxSize=72; workQueue=LinkedBlockingQueue[10000]; allowCoreThreadTimeout=false
Dec-22 16:52:02.781 [main] DEBUG nextflow.cli.CmdRun - 
  Version: 22.10.4 build 5836
  Created: 09-12-2022 09:58 UTC (01:58 PDT)
  System: Linux 5.10.102.1-microsoft-standard-WSL2
  Runtime: Groovy 3.0.13 on OpenJDK 64-Bit Server VM 11.0.17+8-post-Ubuntu-1ubuntu220.04
  Encoding: UTF-8 (UTF-8)
  Process: 16821@DellXPS [127.0.1.1]
  CPUs: 24 - Mem: 31.2 GB (26 GB) - Swap: 8 GB (8 GB)
Dec-22 16:52:02.791 [main] DEBUG nextflow.Session - Work-dir: /home/mriffle/vscode/nf-teirex-dda/work [ext2/ext3]
Dec-22 16:52:02.799 [main] DEBUG nextflow.executor.ExecutorFactory - Extension executors providers=[]
Dec-22 16:52:02.804 [main] DEBUG nextflow.Session - Observer factory: DefaultObserverFactory
Dec-22 16:52:02.826 [main] DEBUG nextflow.cache.CacheFactory - Using Nextflow cache factory: nextflow.cache.DefaultCacheFactory
Dec-22 16:52:02.832 [main] DEBUG nextflow.util.CustomThreadPool - Creating default thread pool > poolSize: 25; maxThreads: 1000
Dec-22 16:52:02.869 [main] DEBUG nextflow.Session - Session start
Dec-22 16:52:02.872 [main] DEBUG nextflow.trace.TraceFileObserver - Workflow started -- trace file: /home/mriffle/vscode/nf-teirex-dda/reports/execution_trace_2022-12-22_16-52-02.txt
Dec-22 16:52:02.877 [main] DEBUG nextflow.Session - Using default localLib path: /home/mriffle/vscode/nf-teirex-dda/lib
Dec-22 16:52:02.878 [main] DEBUG nextflow.Session - Adding to the classpath library: /home/mriffle/vscode/nf-teirex-dda/lib
Dec-22 16:52:02.986 [main] DEBUG nextflow.script.ScriptRunner - > Launching execution
Dec-22 16:52:03.065 [main] DEBUG nextflow.Session - Session aborted -- Cause: /foo
Dec-22 16:52:03.080 [main] ERROR nextflow.cli.Launcher - /foo
java.nio.file.NoSuchFileException: /foo
	at nextflow.file.FileHelper.checkIfExists(FileHelper.groovy:1069)
	at nextflow.file.FileHelper$checkIfExists$2.call(Unknown Source)
	at org.codehaus.groovy.runtime.callsite.CallSiteArray.defaultCall(CallSiteArray.java:47)
	at org.codehaus.groovy.runtime.callsite.AbstractCallSite.call(AbstractCallSite.java:125)
	at org.codehaus.groovy.runtime.callsite.AbstractCallSite.call(AbstractCallSite.java:148)
	at nextflow.Nextflow.file(Nextflow.groovy:159)
	at nextflow.Nextflow$file.callStatic(Unknown Source)
	at org.codehaus.groovy.runtime.callsite.CallSiteArray.defaultCallStatic(CallSiteArray.java:55)
	at org.codehaus.groovy.runtime.callsite.AbstractCallSite.callStatic(AbstractCallSite.java:217)
	at org.codehaus.groovy.runtime.callsite.AbstractCallSite.callStatic(AbstractCallSite.java:240)
	at Script_016ea44e$_runScript_closure1$_closure3.doCall(Script_016ea44e:30)
	at java.base/jdk.internal.reflect.NativeMethodAccessorImpl.invoke0(Native Method)
	at java.base/jdk.internal.reflect.NativeMethodAccessorImpl.invoke(NativeMethodAccessorImpl.java:62)
	at java.base/jdk.internal.reflect.DelegatingMethodAccessorImpl.invoke(DelegatingMethodAccessorImpl.java:43)
	at java.base/java.lang.reflect.Method.invoke(Method.java:566)
	at org.codehaus.groovy.reflection.CachedMethod.invoke(CachedMethod.java:107)
	at groovy.lang.MetaMethod.doMethodInvoke(MetaMethod.java:323)
	at org.codehaus.groovy.runtime.metaclass.ClosureMetaClass.invokeMethod(ClosureMetaClass.java:274)
	at groovy.lang.MetaClassImpl.invokeMethod(MetaClassImpl.java:1035)
	at groovy.lang.Closure.call(Closure.java:412)
	at groovy.lang.Closure.call(Closure.java:406)
	at nextflow.script.WorkflowDef.run0(WorkflowDef.groovy:205)
	at nextflow.script.WorkflowDef.run(WorkflowDef.groovy:189)
	at nextflow.script.BindableDef.invoke_a(BindableDef.groovy:52)
	at nextflow.script.IterableDef$invoke_a.call(Unknown Source)
	at org.codehaus.groovy.runtime.callsite.CallSiteArray.defaultCall(CallSiteArray.java:47)
	at org.codehaus.groovy.runtime.callsite.AbstractCallSite.call(AbstractCallSite.java:125)
	at org.codehaus.groovy.runtime.callsite.AbstractCallSite.call(AbstractCallSite.java:139)
	at nextflow.script.BaseScript.runDsl2(BaseScript.groovy:208)
	at nextflow.script.BaseScript.run(BaseScript.groovy:217)
	at nextflow.script.ScriptParser.runScript(ScriptParser.groovy:230)
	at nextflow.script.ScriptRunner.run(ScriptRunner.groovy:225)
	at nextflow.script.ScriptRunner.execute(ScriptRunner.groovy:131)
	at nextflow.cli.CmdRun.run(CmdRun.groovy:354)
	at nextflow.cli.Launcher.run(Launcher.groovy:487)
	at nextflow.cli.Launcher.main(Launcher.groovy:646)
